<?xml version="1.0" encoding="UTF-8"?>
<testsuites tests="16" failures="0" errors="0" time="1.283073">
	<testsuite tests="1" failures="0" time="0.344000" name="github.com/Ralphbaer/hubla/backend/common" timestamp="2023-04-07T09:20:23-03:00">
		<properties>
			<property name="go.version" value="go1.20.2 darwin/arm64"></property>
		</properties>
		<testcase classname="github.com/Ralphbaer/hubla/backend/common" name="TestGetenvBool" time="0.000000"></testcase>
	</testsuite>
	<testsuite tests="0" failures="0" time="0.000000" name="github.com/Ralphbaer/hubla/backend/common/console" timestamp="2023-04-07T09:20:23-03:00">
		<properties>
			<property name="go.version" value="go1.20.2 darwin/arm64"></property>
		</properties>
	</testsuite>
	<testsuite tests="0" failures="0" time="0.000000" name="github.com/Ralphbaer/hubla/backend/common/hlog" timestamp="2023-04-07T09:20:23-03:00">
		<properties>
			<property name="go.version" value="go1.20.2 darwin/arm64"></property>
		</properties>
	</testsuite>
	<testsuite tests="0" failures="0" time="0.000000" name="github.com/Ralphbaer/hubla/backend/common/hlogrus" timestamp="2023-04-07T09:20:23-03:00">
		<properties>
			<property name="go.version" value="go1.20.2 darwin/arm64"></property>
		</properties>
	</testsuite>
	<testsuite tests="4" failures="0" time="0.502000" name="github.com/Ralphbaer/hubla/backend/common/hmock" timestamp="2023-04-07T09:20:23-03:00">
		<properties>
			<property name="go.version" value="go1.20.2 darwin/arm64"></property>
		</properties>
		<testcase classname="github.com/Ralphbaer/hubla/backend/common/hmock" name="TestFieldValue_Matches/eq1" time="0.000000"></testcase>
		<testcase classname="github.com/Ralphbaer/hubla/backend/common/hmock" name="TestFieldValue_Matches/eq1#01" time="0.000000"></testcase>
		<testcase classname="github.com/Ralphbaer/hubla/backend/common/hmock" name="TestFieldValue_Matches/neq1" time="0.000000"></testcase>
		<testcase classname="github.com/Ralphbaer/hubla/backend/common/hmock" name="TestFieldValue_Matches" time="0.000000"></testcase>
	</testsuite>
	<testsuite tests="0" failures="0" time="0.000000" name="github.com/Ralphbaer/hubla/backend/common/hpointers" timestamp="2023-04-07T09:20:23-03:00">
		<properties>
			<property name="go.version" value="go1.20.2 darwin/arm64"></property>
		</properties>
	</testsuite>
	<testsuite tests="0" failures="0" time="0.000000" name="github.com/Ralphbaer/hubla/backend/common/hpostgres" timestamp="2023-04-07T09:20:23-03:00">
		<properties>
			<property name="go.version" value="go1.20.2 darwin/arm64"></property>
		</properties>
	</testsuite>
	<testsuite tests="0" failures="0" time="0.000000" name="github.com/Ralphbaer/hubla/backend/common/jwt" timestamp="2023-04-07T09:20:23-03:00">
		<properties>
			<property name="go.version" value="go1.20.2 darwin/arm64"></property>
		</properties>
	</testsuite>
	<testsuite tests="2" failures="0" time="0.189000" name="github.com/Ralphbaer/hubla/backend/common/net/http" timestamp="2023-04-07T09:20:23-03:00">
		<properties>
			<property name="go.version" value="go1.20.2 darwin/arm64"></property>
		</properties>
		<testcase classname="github.com/Ralphbaer/hubla/backend/common/net/http" name="TestNewOfTypeWithSimpleStruct" time="0.000000"></testcase>
		<testcase classname="github.com/Ralphbaer/hubla/backend/common/net/http" name="TestNewOfTypeWithComplexStruct" time="0.000000"></testcase>
	</testsuite>
	<testsuite tests="0" failures="0" time="0.000000" name="github.com/Ralphbaer/hubla/backend/common/zcache" timestamp="2023-04-07T09:20:23-03:00">
		<properties>
			<property name="go.version" value="go1.20.2 darwin/arm64"></property>
		</properties>
	</testsuite>
	<testsuite tests="0" failures="0" time="0.000000" name="github.com/Ralphbaer/hubla/backend/common/zpointers" timestamp="2023-04-07T09:20:23-03:00">
		<properties>
			<property name="go.version" value="go1.20.2 darwin/arm64"></property>
		</properties>
	</testsuite>
	<testsuite tests="0" failures="0" time="0.000000" name="github.com/Ralphbaer/hubla/backend/transaction" timestamp="2023-04-07T09:20:23-03:00">
		<properties>
			<property name="go.version" value="go1.20.2 darwin/arm64"></property>
		</properties>
	</testsuite>
	<testsuite tests="0" failures="0" time="0.000000" name="github.com/Ralphbaer/hubla/backend/transaction/app" timestamp="2023-04-07T09:20:23-03:00">
		<properties>
			<property name="go.version" value="go1.20.2 darwin/arm64"></property>
		</properties>
	</testsuite>
	<testsuite tests="0" failures="0" time="0.000000" name="github.com/Ralphbaer/hubla/backend/transaction/entity" timestamp="2023-04-07T09:20:23-03:00">
		<properties>
			<property name="go.version" value="go1.20.2 darwin/arm64"></property>
		</properties>
	</testsuite>
	<testsuite tests="0" failures="0" time="0.000000" name="github.com/Ralphbaer/hubla/backend/transaction/gen" timestamp="2023-04-07T09:20:23-03:00">
		<properties>
			<property name="go.version" value="go1.20.2 darwin/arm64"></property>
		</properties>
	</testsuite>
	<testsuite tests="0" failures="0" time="0.000000" name="github.com/Ralphbaer/hubla/backend/transaction/gen/mocks" timestamp="2023-04-07T09:20:23-03:00">
		<properties>
			<property name="go.version" value="go1.20.2 darwin/arm64"></property>
		</properties>
	</testsuite>
	<testsuite tests="0" failures="0" time="0.000000" name="github.com/Ralphbaer/hubla/backend/transaction/handler" timestamp="2023-04-07T09:20:23-03:00">
		<properties>
			<property name="go.version" value="go1.20.2 darwin/arm64"></property>
		</properties>
	</testsuite>
	<testsuite tests="0" failures="0" time="0.000000" name="github.com/Ralphbaer/hubla/backend/transaction/repository" timestamp="2023-04-07T09:20:23-03:00">
		<properties>
			<property name="go.version" value="go1.20.2 darwin/arm64"></property>
		</properties>
	</testsuite>
	<testsuite tests="9" failures="0" time="0.191000" name="github.com/Ralphbaer/hubla/backend/transaction/usecase" timestamp="2023-04-07T09:20:23-03:00">
		<properties>
			<property name="go.version" value="go1.20.2 darwin/arm64"></property>
		</properties>
		<testcase classname="github.com/Ralphbaer/hubla/backend/transaction/usecase" name="TestParseLine/valid_line" time="0.000000"></testcase>
		<testcase classname="github.com/Ralphbaer/hubla/backend/transaction/usecase" name="TestParseLine/invalid_transaction_type" time="0.000000"></testcase>
		<testcase classname="github.com/Ralphbaer/hubla/backend/transaction/usecase" name="TestParseLine/error_parsing_date" time="0.000000"></testcase>
		<testcase classname="github.com/Ralphbaer/hubla/backend/transaction/usecase" name="TestParseLine/error_parsing_amount" time="0.000000"></testcase>
		<testcase classname="github.com/Ralphbaer/hubla/backend/transaction/usecase" name="TestParseLine/invalid_seller_name" time="0.000000"></testcase>
		<testcase classname="github.com/Ralphbaer/hubla/backend/transaction/usecase" name="TestParseLine" time="0.000000"></testcase>
		<testcase classname="github.com/Ralphbaer/hubla/backend/transaction/usecase" name="TestReadFileData/Valid_file_data" time="0.000000"></testcase>
		<testcase classname="github.com/Ralphbaer/hubla/backend/transaction/usecase" name="TestReadFileData/Empty_file_data" time="0.000000"></testcase>
		<testcase classname="github.com/Ralphbaer/hubla/backend/transaction/usecase" name="TestReadFileData" time="0.000000"></testcase>
	</testsuite>
</testsuites>